17:24:37 - Function:getAllMaps - Param: nil
17:24:37 - Function:[0]Klingni - CNC:ClientUpdate - Param: { [1] = { ["team"] = lobby,["playerName"] = Klingni,["isBoss"] = false,["coord"] = { ["z"] = 0,["y"] = 0,["x"] = 0,} ,["player"] = 1,} ,} 
17:24:40 - Function:[0]Klingni - playerSpawned - Param: { ["skipFade"] = false,["z"] = 67.4746,["heading"] = 0,["y"] = 153.4494,["x"] = -764.7618,["model"] = a_m_y_hipster_02,} 
17:25:22 - Function:baseevents:enteredVehicle-veh - Param: 770
17:25:22 - Function:baseevents:enteredVehicle-netId - Param: 168
17:29:02 - Function:baseevents:enteredVehicle-veh - Param: 770
17:29:02 - Function:baseevents:enteredVehicle-netId - Param: 168
17:30:25 - Function:getAllMaps - Param: nil
17:36:03 - Function:getAllMaps - Param: nil
17:36:03 - Function:[0]Klingni - CNC:ClientUpdate - Param: { [1] = { ["team"] = lobby,["player"] = 1,["coord"] = { ["x"] = 0,["y"] = 0,["z"] = 0,} ,["isBoss"] = false,["playerName"] = Klingni,} ,} 
17:36:05 - Function:[0]Klingni - playerSpawned - Param: { ["x"] = -764.7618,["y"] = 153.4494,["heading"] = 0,["model"] = a_m_y_hipster_02,["z"] = 67.4746,["skipFade"] = false,} 
17:36:42 - Function:baseevents:enteredVehicle-veh - Param: 1026
17:36:42 - Function:baseevents:enteredVehicle-netId - Param: 132
17:53:08 - Function:getAllMaps - Param: nil
17:53:08 - Function:[0]Klingni - CNC:ClientUpdate - Param: { [1] = { ["team"] = lobby,["isBoss"] = false,["player"] = 1,["coord"] = { ["y"] = 0,["x"] = 0,["z"] = 0,} ,["playerName"] = Klingni,} ,} 
17:53:09 - Function:[0]Klingni - playerSpawned - Param: { ["y"] = 153.4494,["x"] = -764.7618,["heading"] = 0,["z"] = 67.4746,["skipFade"] = false,["model"] = a_m_y_hipster_02,} 
18:18:24 - Function:getAllMaps - Param: nil
18:18:24 - Function:[0]Klingni - CNC:ClientUpdate - Param: { [1] = { ["player"] = 1,["coord"] = { ["z"] = 0,["y"] = 0,["x"] = 0,} ,["isBoss"] = false,["playerName"] = Klingni,["team"] = lobby,} ,} 
18:18:26 - Function:[0]Klingni - playerSpawned - Param: { ["z"] = 67.4746,["y"] = 153.4494,["heading"] = 0,["skipFade"] = false,["x"] = -764.7618,["model"] = a_m_y_hipster_02,} 
18:28:28 - Function:getAllMaps - Param: nil
18:28:29 - Function:[0]Klingni - CNC:ClientUpdate - Param: { [1] = { ["playerName"] = Klingni,["team"] = lobby,["coord"] = { ["x"] = 0,["y"] = 0,["z"] = 0,} ,["player"] = 1,["isBoss"] = false,} ,} 
18:28:31 - Function:[0]Klingni - playerSpawned - Param: { ["skipFade"] = false,["z"] = 67.4746,["model"] = a_m_y_hipster_02,["y"] = 153.4494,["x"] = -764.7618,["heading"] = 0,} 
18:36:58 - Function:getAllMaps - Param: nil
18:36:58 - Function:[0]Klingni - CNC:ClientUpdate - Param: { [1] = { ["playerName"] = Klingni,["player"] = 1,["team"] = lobby,["coord"] = { ["y"] = 0,["z"] = 0,["x"] = 0,} ,["isBoss"] = false,} ,} 
18:37:00 - Function:[0]Klingni - playerSpawned - Param: { ["y"] = 153.4494,["z"] = 67.4746,["model"] = a_m_y_hipster_02,["x"] = -764.7618,["skipFade"] = false,["heading"] = 0,} 
18:40:21 - Function:getAllMaps - Param: nil
18:40:21 - Function:[0]Klingni - CNC:ClientUpdate - Param: { [1] = { ["playerName"] = Klingni,["player"] = 2,["team"] = lobby,["coord"] = { ["y"] = 0,["z"] = 0,["x"] = 0,} ,["isBoss"] = false,} ,} 
18:40:24 - Function:[0]Klingni - playerSpawned - Param: { ["y"] = 153.4494,["z"] = 67.4746,["model"] = a_m_y_hipster_02,["skipFade"] = false,["x"] = -764.7618,["heading"] = 0,} 
18:42:26 - Function:getAllMaps - Param: nil
18:42:26 - Function:[0]Klingni - CNC:ClientUpdate - Param: { [1] = { ["playerName"] = Klingni,["player"] = 3,["team"] = lobby,["coord"] = { ["y"] = 0,["z"] = 0,["x"] = 0,} ,["isBoss"] = false,} ,} 
18:42:29 - Function:[0]Klingni - playerSpawned - Param: { ["y"] = 153.4494,["z"] = 67.4746,["model"] = a_m_y_hipster_02,["skipFade"] = false,["x"] = -764.7618,["heading"] = 0,} 
