15:30:09 - Function:getAllMaps - Param: nil
15:30:09 - Function:[0]Klingni - CNC:ClientUpdate - Param: { [1] = { ["playerName"] = Klingni,["player"] = 1,["coord"] = { ["z"] = 0,["y"] = 0,["x"] = 0,} ,["isBoss"] = false,["team"] = lobby,} ,} 
15:30:11 - Function:[0]Klingni - playerSpawned - Param: { ["z"] = 67.4746,["y"] = 153.4494,["skipFade"] = false,["model"] = a_m_y_hipster_02,["x"] = -764.7618,["heading"] = 0,} 
15:30:49 - Function:CNC:registerTeam - Param: lobby
15:43:56 - Function:getAllMaps - Param: nil
15:43:56 - Function:[0]Klingni - CNC:ClientUpdate - Param: { [1] = { ["isBoss"] = false,["playerName"] = Klingni,["player"] = 1,["team"] = lobby,["coord"] = { ["x"] = 0,["y"] = 0,["z"] = 0,} ,} ,} 
15:43:57 - Function:[0]Klingni - playerSpawned - Param: { ["x"] = -764.7618,["y"] = 153.4494,["z"] = 67.4746,["skipFade"] = false,["heading"] = 0,["model"] = a_m_y_hipster_02,} 
15:44:41 - Function:getAllMaps - Param: nil
15:44:41 - Function:[0]Klingni - CNC:ClientUpdate - Param: { [1] = { ["coord"] = { ["z"] = 0,["y"] = 0,["x"] = 0,} ,["player"] = 1,["playerName"] = Klingni,["team"] = lobby,["isBoss"] = false,} ,} 
15:44:42 - Function:[0]Klingni - playerSpawned - Param: { ["z"] = 67.4746,["y"] = 153.4494,["x"] = -764.7618,["skipFade"] = false,["model"] = a_m_y_hipster_02,["heading"] = 0,} 
15:46:05 - Function:getAllMaps - Param: nil
15:46:05 - Function:[0]Klingni - CNC:ClientUpdate - Param: { [1] = { ["playerName"] = Klingni,["player"] = 1,["team"] = lobby,["coord"] = { ["z"] = 0,["y"] = 0,["x"] = 0,} ,["isBoss"] = false,} ,} 
15:46:06 - Function:[0]Klingni - playerSpawned - Param: { ["heading"] = 0,["y"] = 153.4494,["x"] = -764.7618,["model"] = a_m_y_hipster_02,["skipFade"] = false,["z"] = 67.4746,} 
15:46:59 - Function:getAllMaps - Param: nil
15:46:59 - Function:[0]Klingni - CNC:ClientUpdate - Param: { [1] = { ["player"] = 1,["isBoss"] = false,["team"] = lobby,["playerName"] = Klingni,["coord"] = { ["z"] = 0,["y"] = 0,["x"] = 0,} ,} ,} 
15:47:00 - Function:[0]Klingni - playerSpawned - Param: { ["skipFade"] = false,["y"] = 153.4494,["heading"] = 0,["model"] = a_m_y_hipster_02,["x"] = -764.7618,["z"] = 67.4746,} 
15:48:54 - Function:getAllMaps - Param: nil
15:48:54 - Function:[0]Klingni - CNC:ClientUpdate - Param: { [1] = { ["isBoss"] = false,["coord"] = { ["y"] = 0,["z"] = 0,["x"] = 0,} ,["player"] = 1,["team"] = lobby,["playerName"] = Klingni,} ,} 
15:48:55 - Function:[0]Klingni - playerSpawned - Param: { ["y"] = 153.4494,["x"] = -764.7618,["heading"] = 0,["z"] = 67.4746,["model"] = a_m_y_hipster_02,["skipFade"] = false,} 
15:49:50 - Function:getAllMaps - Param: nil
15:49:50 - Function:[0]Klingni - CNC:ClientUpdate - Param: { [1] = { ["playerName"] = Klingni,["isBoss"] = false,["player"] = 1,["team"] = lobby,["coord"] = { ["x"] = 0,["y"] = 0,["z"] = 0,} ,} ,} 
15:49:51 - Function:[0]Klingni - playerSpawned - Param: { ["x"] = -764.7618,["y"] = 153.4494,["model"] = a_m_y_hipster_02,["skipFade"] = false,["z"] = 67.4746,["heading"] = 0,} 
15:50:57 - Function:getAllMaps - Param: nil
15:50:58 - Function:[0]Klingni - CNC:ClientUpdate - Param: { [1] = { ["isBoss"] = false,["playerName"] = Klingni,["player"] = 1,["team"] = lobby,["coord"] = { ["z"] = 0,["y"] = 0,["x"] = 0,} ,} ,} 
15:50:58 - Function:[0]Klingni - playerSpawned - Param: { ["z"] = 67.4746,["y"] = 153.4494,["heading"] = 0,["x"] = -764.7618,["skipFade"] = false,["model"] = a_m_y_hipster_02,} 
15:52:11 - Function:baseevents:enteredVehicle-veh - Param: 2306
15:52:11 - Function:baseevents:enteredVehicle-netId - Param: 88
15:52:32 - Function:baseevents:enteredVehicle-veh - Param: 2562
15:52:32 - Function:baseevents:enteredVehicle-netId - Param: 226
15:52:44 - Function:[0]Klingni - playerSpawned - Param: { ["idx"] = 8,["y"] = 153.4495,["heading"] = 0,["x"] = -764.7617,["model"] = 349505262,["z"] = 67.4747,} 
15:53:14 - Function:baseevents:enteredVehicle-veh - Param: 3330
15:53:14 - Function:baseevents:enteredVehicle-netId - Param: 164
15:54:02 - Function:baseevents:enteredVehicle-veh - Param: 3842
15:54:02 - Function:baseevents:enteredVehicle-netId - Param: 167
15:54:12 - Function:[0]Klingni - playerSpawned - Param: { ["idx"] = 8,["y"] = 153.4495,["heading"] = 0,["x"] = -764.7617,["model"] = 349505262,["z"] = 67.4747,} 
15:55:29 - Function:getAllMaps - Param: nil
15:55:29 - Function:[0]Klingni - CNC:ClientUpdate - Param: { [1] = { ["playerName"] = Klingni,["coord"] = { ["x"] = 0,["z"] = 0,["y"] = 0,} ,["team"] = lobby,["player"] = 1,["isBoss"] = false,} ,} 
15:55:30 - Function:[0]Klingni - playerSpawned - Param: { ["skipFade"] = false,["heading"] = 0,["x"] = -764.7618,["model"] = a_m_y_hipster_02,["z"] = 67.4746,["y"] = 153.4494,} 
15:56:02 - Function:baseevents:enteredVehicle-veh - Param: 4610
15:56:02 - Function:baseevents:enteredVehicle-netId - Param: 72
15:56:30 - Function:baseevents:enteredVehicle-veh - Param: 5378
15:56:30 - Function:baseevents:enteredVehicle-netId - Param: 158
15:57:12 - Function:baseevents:enteredVehicle-veh - Param: 5890
15:57:12 - Function:baseevents:enteredVehicle-netId - Param: 175
15:57:34 - Function:[0]Klingni - playerSpawned - Param: { ["heading"] = 0,["model"] = 349505262,["idx"] = 9,["x"] = -764.7617,["z"] = 67.4747,["y"] = 153.4495,} 
16:00:28 - Function:getAllMaps - Param: nil
16:00:28 - Function:[0]Klingni - CNC:ClientUpdate - Param: { [1] = { ["isBoss"] = false,["team"] = lobby,["player"] = 1,["playerName"] = Klingni,["coord"] = { ["x"] = 0,["z"] = 0,["y"] = 0,} ,} ,} 
16:00:29 - Function:[0]Klingni - playerSpawned - Param: { ["heading"] = 0,["model"] = a_m_y_hipster_02,["x"] = -764.7618,["skipFade"] = false,["z"] = 67.4746,["y"] = 153.4494,} 
16:00:46 - Function:[0]Klingni - playerSpawned - Param: { ["heading"] = 0,["model"] = 349505262,["idx"] = 10,["x"] = -764.7617,["z"] = 67.4747,["y"] = 153.4495,} 
16:12:12 - Function:getAllMaps - Param: nil
16:12:12 - Function:[0]Klingni - CNC:ClientUpdate - Param: { [1] = { ["coord"] = { ["x"] = 0,["y"] = 0,["z"] = 0,} ,["isBoss"] = false,["playerName"] = Klingni,["team"] = lobby,["player"] = 1,} ,} 
16:12:12 - Function:[0]Klingni - playerSpawned - Param: { ["z"] = 67.4746,["model"] = a_m_y_hipster_02,["heading"] = 0,["y"] = 153.4494,["skipFade"] = false,["x"] = -764.7618,} 
16:12:18 - Function:[0]Klingni - playerSpawned - Param: { ["idx"] = 11,["z"] = 67.4747,["model"] = 349505262,["x"] = -764.7617,["y"] = 153.4495,["heading"] = 0,} 
16:13:09 - Function:getAllMaps - Param: nil
16:13:09 - Function:[0]Klingni - CNC:ClientUpdate - Param: { [1] = { ["player"] = 1,["playerName"] = Klingni,["coord"] = { ["y"] = 0,["z"] = 0,["x"] = 0,} ,["team"] = lobby,["isBoss"] = false,} ,} 
16:13:10 - Function:[0]Klingni - playerSpawned - Param: { ["y"] = 153.4494,["model"] = a_m_y_hipster_02,["heading"] = 0,["skipFade"] = false,["z"] = 67.4746,["x"] = -764.7618,} 
16:13:19 - Function:[0]Klingni - playerSpawned - Param: { ["y"] = 153.4495,["model"] = 349505262,["heading"] = 0,["idx"] = 12,["z"] = 67.4747,["x"] = -764.7617,} 
16:15:09 - Function:getAllMaps - Param: nil
16:15:09 - Function:[0]Klingni - CNC:ClientUpdate - Param: { [1] = { ["coord"] = { ["y"] = 0,["z"] = 0,["x"] = 0,} ,["team"] = lobby,["isBoss"] = false,["player"] = 1,["playerName"] = Klingni,} ,} 
16:15:10 - Function:[0]Klingni - playerSpawned - Param: { ["skipFade"] = false,["model"] = a_m_y_hipster_02,["y"] = 153.4494,["z"] = 67.4746,["heading"] = 0,["x"] = -764.7618,} 
16:15:31 - Function:getAllMaps - Param: nil
16:15:31 - Function:[0]Klingni - CNC:ClientUpdate - Param: { [1] = { ["playerName"] = Klingni,["team"] = lobby,["coord"] = { ["z"] = 0,["y"] = 0,["x"] = 0,} ,["player"] = 1,["isBoss"] = false,} ,} 
16:15:32 - Function:[0]Klingni - playerSpawned - Param: { ["z"] = 67.4746,["heading"] = 0,["x"] = -764.7618,["skipFade"] = false,["model"] = a_m_y_hipster_02,["y"] = 153.4494,} 
16:15:37 - Function:[0]Klingni - playerSpawned - Param: { ["z"] = 67.4747,["heading"] = 0,["x"] = -764.7617,["model"] = 349505262,["idx"] = 14,["y"] = 153.4495,} 
16:16:15 - Function:baseevents:enteredVehicle-veh - Param: 9474
16:16:15 - Function:baseevents:enteredVehicle-netId - Param: 159
16:16:21 - Function:baseevents:enteredVehicle-veh - Param: 9730
16:16:21 - Function:baseevents:enteredVehicle-netId - Param: 111
16:16:28 - Function:baseevents:enteredVehicle-veh - Param: 9986
16:16:28 - Function:baseevents:enteredVehicle-netId - Param: 75
16:17:08 - Function:baseevents:enteredVehicle-veh - Param: 11266
16:17:08 - Function:baseevents:enteredVehicle-netId - Param: 13
16:17:17 - Function:baseevents:enteredVehicle-veh - Param: 11522
16:17:17 - Function:baseevents:enteredVehicle-netId - Param: 129
16:17:59 - Function:baseevents:enteredVehicle-veh - Param: 12290
16:17:59 - Function:baseevents:enteredVehicle-netId - Param: 113
16:18:24 - Function:baseevents:enteredVehicle-veh - Param: 13058
16:18:24 - Function:baseevents:enteredVehicle-netId - Param: 15
16:18:56 - Function:baseevents:enteredVehicle-veh - Param: 13826
16:18:56 - Function:baseevents:enteredVehicle-netId - Param: 71
16:23:14 - Function:[0]Klingni - playerSpawned - Param: { ["z"] = 67.4747,["heading"] = 0,["x"] = -764.7617,["model"] = 349505262,["idx"] = 14,["y"] = 153.4495,} 
16:25:22 - Function:getAllMaps - Param: nil
16:25:22 - Function:[0]Klingni - CNC:ClientUpdate - Param: { [1] = { ["playerName"] = Klingni,["player"] = 1,["coord"] = { ["z"] = 0,["y"] = 0,["x"] = 0,} ,["team"] = lobby,["isBoss"] = false,} ,} 
16:25:23 - Function:[0]Klingni - playerSpawned - Param: { ["z"] = 67.4746,["x"] = -764.7618,["heading"] = 0,["y"] = 153.4494,["skipFade"] = false,["model"] = a_m_y_hipster_02,} 
16:26:26 - Function:[0]Klingni - playerSpawned - Param: { ["idx"] = 15,["z"] = 67.4747,["heading"] = 0,["model"] = 349505262,["y"] = 153.4495,["x"] = -764.7617,} 
16:26:49 - Function:getAllMaps - Param: nil
16:26:49 - Function:[0]Klingni - CNC:ClientUpdate - Param: { [1] = { ["coord"] = { ["y"] = 0,["z"] = 0,["x"] = 0,} ,["player"] = 1,["team"] = lobby,["playerName"] = Klingni,["isBoss"] = false,} ,} 
16:26:50 - Function:[0]Klingni - playerSpawned - Param: { ["y"] = 153.4494,["z"] = 67.4746,["skipFade"] = false,["model"] = a_m_y_hipster_02,["heading"] = 0,["x"] = -764.7618,} 
16:27:48 - Function:[0]Klingni - playerSpawned - Param: { ["y"] = 153.4495,["z"] = 67.4747,["idx"] = 16,["model"] = 349505262,["heading"] = 0,["x"] = -764.7617,} 
17:02:11 - Function:getAllMaps - Param: nil
17:02:11 - Function:[0]Klingni - CNC:ClientUpdate - Param: { [1] = { ["coord"] = { ["y"] = 0,["z"] = 0,["x"] = 0,} ,["player"] = 2,["team"] = lobby,["playerName"] = Klingni,["isBoss"] = false,} ,} 
17:02:13 - Function:[0]Klingni - playerSpawned - Param: { ["y"] = 153.4494,["z"] = 67.4746,["skipFade"] = false,["model"] = a_m_y_hipster_02,["heading"] = 0,["x"] = -764.7618,} 
17:19:44 - Function:baseevents:enteredVehicle-veh - Param: 770
17:19:44 - Function:baseevents:enteredVehicle-netId - Param: 165
17:22:08 - Function:baseevents:enteredVehicle-veh - Param: 2050
17:22:08 - Function:baseevents:enteredVehicle-netId - Param: 212
17:26:12 - Function:baseevents:enteredVehicle-veh - Param: 7682
17:26:12 - Function:baseevents:enteredVehicle-netId - Param: 64
17:28:13 - Function:baseevents:enteredVehicle-veh - Param: 10498
17:28:13 - Function:baseevents:enteredVehicle-netId - Param: 36
17:30:19 - Function:[0]Klingni - playerSpawned - Param: { ["y"] = 153.4495,["model"] = 349505262,["z"] = 67.4747,["idx"] = 1,["heading"] = 0,["x"] = -764.7617,} 
