20:10:00 - Function:getAllMaps - Param: nil
20:10:00 - Function:[0]Klingni - CNC:ClientUpdate - Param: { [1] = { ["team"] = lobby,["player"] = 1,["isBoss"] = false,["playerName"] = Klingni,["coord"] = { ["x"] = 0,["z"] = 0,["y"] = 0,} ,} ,} 
20:10:02 - Function:[0]Klingni - playerSpawned - Param: { ["heading"] = 0,["y"] = 153.4494,["x"] = -764.7618,["model"] = a_m_y_hipster_02,["z"] = 67.4746,["skipFade"] = false,} 
20:10:08 - Function:getAllMaps - Param: nil
20:10:08 - Function:[1]Scoby - CNC:ClientUpdate - Param: { [1] = { ["team"] = lobby,["playerName"] = Klingni,["isBoss"] = false,["player"] = 1,["coord"] = { ["x"] = 0,["z"] = 0,["y"] = 0,} ,} ,} 
20:10:08 - Function:[0]Klingni - CNC:ClientUpdate - Param: { [1] = { ["team"] = lobby,["player"] = 1,["isBoss"] = false,["playerName"] = Klingni,["coord"] = { ["x"] = -764.80200195312,["z"] = 67.474517822266,["y"] = 152.28816223145,} ,} ,[2] = { ["team"] = lobby,["player"] = 2,["isBoss"] = false,["playerName"] = Scoby,["coord"] = { ["x"] = 0,["z"] = 0,["y"] = 0,} ,} ,} 
20:10:08 - Function:[1]Scoby - CNC:ClientUpdate - Param: { [1] = { ["team"] = lobby,["playerName"] = Klingni,["isBoss"] = false,["player"] = 1,["coord"] = { ["x"] = -764.80200195312,["z"] = 67.474517822266,["y"] = 152.28816223145,} ,} ,[2] = { ["team"] = lobby,["playerName"] = Scoby,["isBoss"] = false,["player"] = 2,["coord"] = { ["x"] = 0,["z"] = 0,["y"] = 0,} ,} ,} 
20:10:09 - Function:[1]Scoby - playerSpawned - Param: { ["heading"] = 0,["skipFade"] = false,["x"] = -764.7618,["model"] = a_m_y_hipster_02,["z"] = 67.4746,["y"] = 153.4494,} 
20:10:28 - Function:PlayerDied-type - Param: killed
20:10:28 - Function:PlayerDied-killerId - Param: 1
20:10:31 - Function:[1]Scoby - playerSpawned - Param: { ["heading"] = 0,["idx"] = 1,["x"] = -764.7617,["model"] = 349505262,["z"] = 67.4747,["y"] = 153.4495,} 
20:10:53 - Function:PlayerDied-type - Param: killed
20:10:53 - Function:PlayerDied-killerId - Param: 2
20:10:56 - Function:[0]Klingni - playerSpawned - Param: { ["heading"] = 0,["idx"] = 1,["x"] = -764.7617,["model"] = 349505262,["z"] = 67.4747,["y"] = 153.4495,} 
20:11:51 - Function:PlayerDied-type - Param: killed
20:11:51 - Function:PlayerDied-killerId - Param: 2
20:11:54 - Function:[0]Klingni - playerSpawned - Param: { ["heading"] = 0,["idx"] = 1,["x"] = -764.7617,["model"] = 349505262,["z"] = 67.4747,["y"] = 153.4495,} 
20:12:11 - Function:baseevents:enteredVehicle-veh - Param: 1282
20:12:11 - Function:baseevents:enteredVehicle-netId - Param: 237
20:12:16 - Function:baseevents:enteredVehicle-veh - Param: 1794
20:12:16 - Function:baseevents:enteredVehicle-netId - Param: 237
20:28:46 - Function:baseevents:enteredVehicle-veh - Param: 6914
20:28:46 - Function:baseevents:enteredVehicle-netId - Param: 124
20:28:58 - Function:baseevents:enteredVehicle-veh - Param: 6914
20:28:58 - Function:baseevents:enteredVehicle-netId - Param: 124
20:30:28 - Function:baseevents:enteredVehicle-veh - Param: 1282
20:30:29 - Function:baseevents:enteredVehicle-netId - Param: 237
20:31:52 - Function:baseevents:enteredVehicle-veh - Param: 7682
20:31:52 - Function:baseevents:enteredVehicle-netId - Param: 160
20:31:57 - Function:baseevents:enteredVehicle-veh - Param: 6914
20:31:57 - Function:baseevents:enteredVehicle-netId - Param: 160
20:42:31 - Function:baseevents:enteredVehicle-veh - Param: 10242
20:42:31 - Function:baseevents:enteredVehicle-netId - Param: 124
20:43:32 - Function:baseevents:enteredVehicle-veh - Param: 10754
20:43:32 - Function:baseevents:enteredVehicle-netId - Param: 250
20:44:10 - Function:baseevents:enteredVehicle-veh - Param: 12802
20:44:10 - Function:baseevents:enteredVehicle-netId - Param: 348
20:45:19 - Function:PlayerDied-type - Param: killed
20:45:19 - Function:PlayerDied-killerId - Param: -1
20:45:23 - Function:[0]Klingni - playerSpawned - Param: { ["heading"] = 0,["idx"] = 1,["x"] = -764.7617,["model"] = 349505262,["z"] = 67.4747,["y"] = 153.4495,} 
20:45:28 - Function:baseevents:enteredVehicle-veh - Param: 14850
20:45:28 - Function:baseevents:enteredVehicle-netId - Param: 104
20:46:32 - Function:PlayerDied-type - Param: killed
20:46:32 - Function:PlayerDied-killerId - Param: -1
20:46:35 - Function:[1]Scoby - playerSpawned - Param: { ["heading"] = 0,["idx"] = 1,["x"] = -764.7617,["model"] = 349505262,["z"] = 67.4747,["y"] = 153.4495,} 
20:47:20 - Function:baseevents:enteredVehicle-veh - Param: 18946
20:47:20 - Function:baseevents:enteredVehicle-netId - Param: 372
20:47:52 - Function:baseevents:enteredVehicle-veh - Param: 12546
20:47:52 - Function:baseevents:enteredVehicle-netId - Param: 372
20:55:02 - Function:baseevents:enteredVehicle-veh - Param: 19714
20:55:02 - Function:baseevents:enteredVehicle-netId - Param: 40
20:55:26 - Function:baseevents:enteredVehicle-veh - Param: 18946
20:55:26 - Function:baseevents:enteredVehicle-netId - Param: 372
20:55:37 - Function:baseevents:enteredVehicle-veh - Param: 18946
20:55:37 - Function:baseevents:enteredVehicle-netId - Param: 372
20:56:05 - Function:getAllMaps - Param: nil
20:56:26 - Function:getAllMaps - Param: nil
20:56:27 - Function:getAllMaps - Param: nil
20:56:32 - Function:getAllMaps - Param: nil
20:56:41 - Function:baseevents:enteredVehicle-veh - Param: 18946
20:56:41 - Function:baseevents:enteredVehicle-netId - Param: 372
20:56:50 - Function:baseevents:enteredVehicle-veh - Param: 12546
20:56:50 - Function:baseevents:enteredVehicle-netId - Param: 372
21:01:21 - Function:PlayerDied-type - Param: died
21:01:21 - Function:PlayerDied-killerId - Param: nil
21:01:21 - Function:PlayerDied-type - Param: killed
21:01:21 - Function:PlayerDied-killerId - Param: 2
21:01:24 - Function:[1]Scoby - playerSpawned - Param: { ["heading"] = 0,["idx"] = 1,["x"] = -764.7617,["model"] = 349505262,["z"] = 67.4747,["y"] = 153.4495,} 
21:01:25 - Function:[0]Klingni - playerSpawned - Param: { ["heading"] = 0,["idx"] = 1,["x"] = -764.7617,["model"] = 349505262,["z"] = 67.4747,["y"] = 153.4495,} 
21:01:52 - Function:baseevents:enteredVehicle-veh - Param: 22018
21:01:52 - Function:baseevents:enteredVehicle-netId - Param: 284
21:01:54 - Function:baseevents:enteredVehicle-veh - Param: 15618
21:01:54 - Function:baseevents:enteredVehicle-netId - Param: 284
21:09:33 - Function:getAllMaps - Param: nil
21:11:09 - Function:getAllMaps - Param: nil
21:11:10 - Function:[0]Klingni - CNC:ClientUpdate - Param: { [1] = { ["isBoss"] = false,["playerName"] = Klingni,["player"] = 3,["team"] = lobby,["coord"] = { ["x"] = 0,["y"] = 0,["z"] = 0,} ,} ,} 
21:11:11 - Function:[0]Klingni - playerSpawned - Param: { ["model"] = a_m_y_hipster_02,["x"] = -764.7618,["skipFade"] = false,["heading"] = 0,["y"] = 153.4494,["z"] = 67.4746,} 
21:11:46 - Function:getAllMaps - Param: nil
21:11:46 - Function:[0]Klingni - CNC:ClientUpdate - Param: { [1] = { ["isBoss"] = false,["playerName"] = Klingni,["player"] = 3,["team"] = lobby,["coord"] = { ["x"] = -764.78857421875,["y"] = 156.31379699707,["z"] = 67.474502563477,} ,} ,[2] = { ["isBoss"] = false,["playerName"] = Scoby,["player"] = 4,["team"] = lobby,["coord"] = { ["x"] = 0,["y"] = 0,["z"] = 0,} ,} ,} 
21:11:47 - Function:[1]Scoby - CNC:ClientUpdate - Param: { [1] = { ["isBoss"] = false,["playerName"] = Klingni,["player"] = 3,["team"] = lobby,["coord"] = { ["x"] = -764.78857421875,["y"] = 156.31379699707,["z"] = 67.474502563477,} ,} ,[2] = { ["isBoss"] = false,["playerName"] = Scoby,["player"] = 4,["team"] = lobby,["coord"] = { ["x"] = 0,["y"] = 0,["z"] = 0,} ,} ,} 
21:11:47 - Function:[1]Scoby - playerSpawned - Param: { ["model"] = a_m_y_hipster_02,["x"] = -764.7618,["skipFade"] = false,["heading"] = 0,["y"] = 153.4494,["z"] = 67.4746,} 
21:15:48 - Function:getAllMaps - Param: nil
21:15:48 - Function:[0]Klingni - CNC:ClientUpdate - Param: { [1] = { ["coord"] = { ["z"] = 0,["y"] = 0,["x"] = 0,} ,["team"] = lobby,["playerName"] = Klingni,["player"] = 1,["isBoss"] = false,} ,} 
21:15:49 - Function:[0]Klingni - playerSpawned - Param: { ["model"] = a_m_y_hipster_02,["heading"] = 0,["z"] = 67.4746,["y"] = 153.4494,["x"] = -764.7618,["skipFade"] = false,} 
21:15:52 - Function:getAllMaps - Param: nil
21:16:05 - Function:getAllMaps - Param: nil
21:16:05 - Function:[0]Klingni - CNC:ClientUpdate - Param: { [1] = { ["coord"] = { ["z"] = 67.474555969238,["y"] = 153.45104980469,["x"] = -764.76287841797,} ,["team"] = lobby,["playerName"] = Klingni,["player"] = 1,["isBoss"] = false,} ,[2] = { ["coord"] = { ["z"] = 0,["y"] = 0,["x"] = 0,} ,["team"] = lobby,["playerName"] = Scoby,["player"] = 2,["isBoss"] = false,} ,} 
21:16:05 - Function:[1]Scoby - playerSpawned - Param: { ["model"] = a_m_y_hipster_02,["heading"] = 0,["z"] = 67.4746,["y"] = 153.4494,["x"] = -764.7618,["skipFade"] = false,} 
21:16:06 - Function:[1]Scoby - CNC:ClientUpdate - Param: { [1] = { ["coord"] = { ["z"] = 67.474555969238,["y"] = 153.45104980469,["x"] = -764.76287841797,} ,["team"] = lobby,["playerName"] = Klingni,["player"] = 1,["isBoss"] = false,} ,[2] = { ["coord"] = { ["z"] = 0,["y"] = 0,["x"] = 0,} ,["team"] = lobby,["playerName"] = Scoby,["player"] = 2,["isBoss"] = false,} ,} 
21:23:21 - Function:getAllMaps - Param: nil
21:23:21 - Function:[0]Klingni - CNC:ClientUpdate - Param: { [1] = { ["isBoss"] = false,["coord"] = { ["x"] = 0,["y"] = 0,["z"] = 0,} ,["team"] = lobby,["player"] = 1,["playerName"] = Klingni,} ,} 
21:23:22 - Function:[0]Klingni - playerSpawned - Param: { ["x"] = -764.7618,["y"] = 153.4494,["model"] = a_m_y_hipster_02,["skipFade"] = false,["z"] = 67.4746,["heading"] = 0,} 
21:28:41 - Function:getAllMaps - Param: nil
21:28:41 - Function:[0]Scoby - CNC:ClientUpdate - Param: { [1] = { ["isBoss"] = false,["team"] = lobby,["coord"] = { ["y"] = 0,["z"] = 0,["x"] = 0,} ,["player"] = 1,["playerName"] = Scoby,} ,} 
21:28:41 - Function:[0]Scoby - playerSpawned - Param: { ["heading"] = 0,["z"] = 67.4746,["skipFade"] = false,["model"] = a_m_y_hipster_02,["y"] = 153.4494,["x"] = -764.7618,} 
21:28:51 - Function:getAllMaps - Param: nil
21:28:51 - Function:[1]Klingni - CNC:ClientUpdate - Param: { [1] = { ["isBoss"] = false,["team"] = lobby,["coord"] = { ["y"] = 0,["z"] = 0,["x"] = 0,} ,["player"] = 1,["playerName"] = Scoby,} ,} 
21:28:51 - Function:[1]Klingni - CNC:ClientUpdate - Param: { [1] = { ["isBoss"] = false,["team"] = lobby,["coord"] = { ["y"] = 153.4507598877,["z"] = 67.474555969238,["x"] = -764.7626953125,} ,["player"] = 1,["playerName"] = Scoby,} ,[2] = { ["isBoss"] = false,["team"] = lobby,["coord"] = { ["y"] = 0,["z"] = 0,["x"] = 0,} ,["player"] = 2,["playerName"] = Klingni,} ,} 
21:28:51 - Function:[0]Scoby - CNC:ClientUpdate - Param: { [1] = { ["isBoss"] = false,["team"] = lobby,["coord"] = { ["y"] = 153.4507598877,["z"] = 67.474555969238,["x"] = -764.7626953125,} ,["player"] = 1,["playerName"] = Scoby,} ,[2] = { ["isBoss"] = false,["team"] = lobby,["coord"] = { ["y"] = 0,["z"] = 0,["x"] = 0,} ,["player"] = 2,["playerName"] = Klingni,} ,} 
21:28:51 - Function:[1]Klingni - playerSpawned - Param: { ["y"] = 153.4494,["z"] = 67.4746,["skipFade"] = false,["model"] = a_m_y_hipster_02,["heading"] = 0,["x"] = -764.7618,} 
21:30:36 - Function:baseevents:enteredVehicle-veh - Param: 37634
21:30:36 - Function:baseevents:enteredVehicle-netId - Param: 246
21:31:59 - Function:baseevents:enteredVehicle-veh - Param: 39426
21:31:59 - Function:baseevents:enteredVehicle-netId - Param: 138
21:46:48 - Function:PlayerDied-type - Param: died
21:46:48 - Function:PlayerDied-killerId - Param: nil
21:46:52 - Function:[0]Scoby - playerSpawned - Param: { ["heading"] = 0,["z"] = 67.4747,["model"] = 349505262,["idx"] = 1,["y"] = 153.4495,["x"] = -764.7617,} 
21:47:19 - Function:baseevents:enteredVehicle-veh - Param: 48130
21:47:19 - Function:baseevents:enteredVehicle-netId - Param: 21
21:47:40 - Function:PlayerDied-type - Param: died
21:47:40 - Function:PlayerDied-killerId - Param: nil
21:47:43 - Function:[0]Scoby - playerSpawned - Param: { ["heading"] = 0,["z"] = 67.4747,["model"] = 349505262,["idx"] = 1,["y"] = 153.4495,["x"] = -764.7617,} 
21:47:59 - Function:baseevents:enteredVehicle-veh - Param: 48642
21:47:59 - Function:baseevents:enteredVehicle-netId - Param: 129
21:48:03 - Function:baseevents:enteredVehicle-veh - Param: 48642
21:48:03 - Function:baseevents:enteredVehicle-netId - Param: 129
21:48:16 - Function:baseevents:enteredVehicle-veh - Param: 48642
21:48:16 - Function:baseevents:enteredVehicle-netId - Param: 129
21:50:16 - Function:PlayerDied-type - Param: died
21:50:16 - Function:PlayerDied-killerId - Param: nil
21:50:20 - Function:[0]Scoby - playerSpawned - Param: { ["heading"] = 0,["z"] = 67.4747,["model"] = 349505262,["idx"] = 1,["y"] = 153.4495,["x"] = -764.7617,} 
21:50:24 - Function:getAllMaps - Param: nil
21:50:32 - Function:baseevents:enteredVehicle-veh - Param: 50434
21:50:32 - Function:baseevents:enteredVehicle-netId - Param: 100
21:50:48 - Function:baseevents:enteredVehicle-veh - Param: 50434
21:50:48 - Function:baseevents:enteredVehicle-netId - Param: 100
21:51:40 - Function:baseevents:enteredVehicle-veh - Param: 50434
21:51:40 - Function:baseevents:enteredVehicle-netId - Param: 100
21:54:01 - Function:baseevents:enteredVehicle-veh - Param: 56834
21:54:01 - Function:baseevents:enteredVehicle-netId - Param: 180
21:56:10 - Function:PlayerDied-type - Param: died
21:56:10 - Function:PlayerDied-killerId - Param: nil
21:56:51 - Function:baseevents:enteredVehicle-veh - Param: 57858
21:56:51 - Function:baseevents:enteredVehicle-netId - Param: 225
21:57:45 - Function:getAllMaps - Param: nil
21:57:45 - Function:[0]Klingni - CNC:ClientUpdate - Param: { [1] = { ["team"] = lobby,["player"] = 1,["playerName"] = Klingni,["isBoss"] = false,["coord"] = { ["x"] = 0,["y"] = 0,["z"] = 0,} ,} ,} 
21:57:46 - Function:[0]Klingni - playerSpawned - Param: { ["skipFade"] = false,["x"] = -764.7618,["model"] = a_m_y_hipster_02,["heading"] = 0,["y"] = 153.4494,["z"] = 67.4746,} 
21:58:22 - Function:getAllMaps - Param: nil
21:58:22 - Function:[0]Klingni - CNC:ClientUpdate - Param: { [1] = { ["team"] = lobby,["player"] = 1,["playerName"] = Klingni,["isBoss"] = false,["coord"] = { ["x"] = -764.76275634766,["y"] = 153.45074462891,["z"] = 67.474555969238,} ,} ,[2] = { ["team"] = lobby,["player"] = 2,["playerName"] = Scoby,["isBoss"] = false,["coord"] = { ["x"] = 0,["y"] = 0,["z"] = 0,} ,} ,} 
21:58:23 - Function:[1]Scoby - CNC:ClientUpdate - Param: { [1] = { ["team"] = lobby,["player"] = 1,["playerName"] = Klingni,["isBoss"] = false,["coord"] = { ["x"] = -764.76275634766,["y"] = 153.45074462891,["z"] = 67.474555969238,} ,} ,[2] = { ["team"] = lobby,["player"] = 2,["playerName"] = Scoby,["isBoss"] = false,["coord"] = { ["x"] = 0,["y"] = 0,["z"] = 0,} ,} ,} 
21:58:23 - Function:[1]Scoby - playerSpawned - Param: { ["skipFade"] = false,["x"] = -764.7618,["model"] = a_m_y_hipster_02,["heading"] = 0,["y"] = 153.4494,["z"] = 67.4746,} 
21:58:49 - Function:baseevents:enteredVehicle-veh - Param: 59394
21:58:49 - Function:baseevents:enteredVehicle-netId - Param: 254
22:05:54 - Function:PlayerDied-type - Param: killed
22:05:54 - Function:PlayerDied-killerId - Param: -1
22:05:57 - Function:[1]Scoby - playerSpawned - Param: { ["x"] = -764.7617,["model"] = 349505262,["idx"] = 1,["heading"] = 0,["y"] = 153.4495,["z"] = 67.4747,} 
22:06:14 - Function:baseevents:enteredVehicle-veh - Param: 62722
22:06:14 - Function:baseevents:enteredVehicle-netId - Param: 364
22:06:32 - Function:baseevents:enteredVehicle-veh - Param: 63234
22:06:32 - Function:baseevents:enteredVehicle-netId - Param: 417
22:07:23 - Function:baseevents:enteredVehicle-veh - Param: 64514
22:07:23 - Function:baseevents:enteredVehicle-netId - Param: 370
22:12:22 - Function:PlayerDied-type - Param: died
22:12:22 - Function:PlayerDied-killerId - Param: nil
22:12:25 - Function:[1]Scoby - playerSpawned - Param: { ["x"] = -764.7617,["model"] = 349505262,["idx"] = 1,["heading"] = 0,["y"] = 153.4495,["z"] = 67.4747,} 
22:12:42 - Function:baseevents:enteredVehicle-veh - Param: 69122
22:12:42 - Function:baseevents:enteredVehicle-netId - Param: 258
22:21:14 - Function:baseevents:enteredVehicle-veh - Param: 74242
22:21:14 - Function:baseevents:enteredVehicle-netId - Param: 441
22:23:10 - Function:[1]Scoby - CNC:ClientUpdate - Param: { [1] = { ["team"] = lobby,["player"] = 2,["playerName"] = Scoby,["isBoss"] = false,["coord"] = { ["x"] = 145.37568664551,["y"] = 5276.5493164062,["z"] = 569.68035888672,} ,} ,} 
22:23:49 - Function:getAllMaps - Param: nil
22:23:49 - Function:[0]Klingni - CNC:ClientUpdate - Param: { [1] = { ["team"] = lobby,["player"] = 2,["playerName"] = Scoby,["isBoss"] = false,["coord"] = { ["x"] = 263.09417724609,["y"] = 5542.177734375,["z"] = 535.228515625,} ,} ,[2] = { ["team"] = lobby,["player"] = 3,["playerName"] = Klingni,["isBoss"] = false,["coord"] = { ["x"] = 0,["y"] = 0,["z"] = 0,} ,} ,} 
22:23:50 - Function:[1]Scoby - CNC:ClientUpdate - Param: { [1] = { ["team"] = lobby,["player"] = 2,["playerName"] = Scoby,["isBoss"] = false,["coord"] = { ["x"] = 263.09417724609,["y"] = 5542.177734375,["z"] = 535.228515625,} ,} ,[2] = { ["team"] = lobby,["player"] = 3,["playerName"] = Klingni,["isBoss"] = false,["coord"] = { ["x"] = 0,["y"] = 0,["z"] = 0,} ,} ,} 
22:23:50 - Function:[0]Klingni - playerSpawned - Param: { ["skipFade"] = false,["x"] = -764.7618,["model"] = a_m_y_hipster_02,["heading"] = 0,["y"] = 153.4494,["z"] = 67.4746,} 
22:25:44 - Function:baseevents:enteredVehicle-veh - Param: 75522
22:25:44 - Function:baseevents:enteredVehicle-netId - Param: 326
22:37:27 - Function:getAllMaps - Param: nil
22:37:27 - Function:[0]Klingni - CNC:ClientUpdate - Param: { [1] = { ["coord"] = { ["y"] = 0,["x"] = 0,["z"] = 0,} ,["playerName"] = Klingni,["team"] = lobby,["player"] = 4,["isBoss"] = false,} ,} 
22:37:28 - Function:[0]Klingni - playerSpawned - Param: { ["model"] = a_m_y_hipster_02,["skipFade"] = false,["y"] = 153.4494,["heading"] = 0,["x"] = -764.7618,["z"] = 67.4746,} 
22:38:30 - Function:getAllMaps - Param: nil
22:38:30 - Function:[0]Klingni - CNC:ClientUpdate - Param: { [1] = { ["team"] = lobby,["playerName"] = Klingni,["isBoss"] = false,["player"] = 1,["coord"] = { ["z"] = 0,["y"] = 0,["x"] = 0,} ,} ,} 
22:38:31 - Function:[0]Klingni - playerSpawned - Param: { ["heading"] = 0,["skipFade"] = false,["z"] = 67.4746,["model"] = a_m_y_hipster_02,["y"] = 153.4494,["x"] = -764.7618,} 
22:39:47 - Function:getAllMaps - Param: nil
22:39:47 - Function:[0]Klingni - CNC:ClientUpdate - Param: { [1] = { ["team"] = lobby,["playerName"] = Klingni,["coord"] = { ["z"] = 0,["y"] = 0,["x"] = 0,} ,["player"] = 2,["isBoss"] = false,} ,} 
22:39:47 - Function:[0]Klingni - playerSpawned - Param: { ["heading"] = 0,["z"] = 67.4746,["skipFade"] = false,["model"] = a_m_y_hipster_02,["y"] = 153.4494,["x"] = -764.7618,} 
22:41:23 - Function:getAllMaps - Param: nil
22:41:24 - Function:[0]Klingni - CNC:ClientUpdate - Param: { [1] = { ["team"] = lobby,["playerName"] = Klingni,["coord"] = { ["z"] = 0,["y"] = 0,["x"] = 0,} ,["player"] = 3,["isBoss"] = false,} ,} 
22:41:24 - Function:[0]Klingni - playerSpawned - Param: { ["heading"] = 0,["z"] = 67.4746,["skipFade"] = false,["model"] = a_m_y_hipster_02,["y"] = 153.4494,["x"] = -764.7618,} 
22:50:06 - Function:getAllMaps - Param: nil
22:50:06 - Function:[0]Klingni - CNC:ClientUpdate - Param: { [1] = { ["team"] = lobby,["playerName"] = Klingni,["isBoss"] = false,["player"] = 4,["coord"] = { ["z"] = 0,["y"] = 0,["x"] = 0,} ,} ,} 
22:50:07 - Function:[0]Klingni - playerSpawned - Param: { ["heading"] = 0,["z"] = 67.4746,["skipFade"] = false,["model"] = a_m_y_hipster_02,["y"] = 153.4494,["x"] = -764.7618,} 
22:57:28 - Function:getAllMaps - Param: nil
23:08:32 - Function:[0]Klingni - CNC:ClientUpdate - Param: { [1] = { ["team"] = lobby,["playerName"] = Klingni,["isBoss"] = false,["player"] = 4,["coord"] = { ["z"] = 67.474555969238,["y"] = 153.45112609863,["x"] = -764.76281738281,} ,} ,} 
23:08:48 - Function:getAllMaps - Param: nil
23:08:48 - Function:[1]Scoby - CNC:ClientUpdate - Param: { [1] = { ["team"] = lobby,["playerName"] = Klingni,["coord"] = { ["z"] = 67.474555969238,["y"] = 153.45112609863,["x"] = -764.76281738281,} ,["player"] = 4,["isBoss"] = false,} ,} 
23:08:48 - Function:[0]Klingni - CNC:ClientUpdate - Param: { [1] = { ["team"] = lobby,["playerName"] = Klingni,["isBoss"] = false,["player"] = 4,["coord"] = { ["z"] = 67.474555969238,["y"] = 153.45112609863,["x"] = -764.76281738281,} ,} ,[2] = { ["team"] = lobby,["playerName"] = Scoby,["isBoss"] = false,["player"] = 5,["coord"] = { ["z"] = 0,["y"] = 0,["x"] = 0,} ,} ,} 
23:08:48 - Function:[1]Scoby - CNC:ClientUpdate - Param: { [1] = { ["team"] = lobby,["playerName"] = Klingni,["coord"] = { ["z"] = 67.474555969238,["y"] = 153.45112609863,["x"] = -764.76281738281,} ,["player"] = 4,["isBoss"] = false,} ,[2] = { ["team"] = lobby,["playerName"] = Scoby,["coord"] = { ["z"] = 0,["y"] = 0,["x"] = 0,} ,["player"] = 5,["isBoss"] = false,} ,} 
23:08:49 - Function:[1]Scoby - playerSpawned - Param: { ["heading"] = 0,["skipFade"] = false,["z"] = 67.4746,["model"] = a_m_y_hipster_02,["y"] = 153.4494,["x"] = -764.7618,} 
23:10:48 - Function:[1]Scoby - CNC:ClientUpdate - Param: { [1] = { ["team"] = lobby,["playerName"] = Scoby,["coord"] = { ["z"] = 67.474494934082,["y"] = 153.53074645996,["x"] = -764.69396972656,} ,["player"] = 5,["isBoss"] = false,} ,} 
23:11:32 - Function:getAllMaps - Param: nil
23:11:32 - Function:[0]Klingni - CNC:ClientUpdate - Param: { [1] = { ["team"] = lobby,["playerName"] = Scoby,["coord"] = { ["z"] = 67.474494934082,["y"] = 153.53074645996,["x"] = -764.69396972656,} ,["player"] = 5,["isBoss"] = false,} ,[2] = { ["team"] = lobby,["playerName"] = Klingni,["coord"] = { ["z"] = 0,["y"] = 0,["x"] = 0,} ,["player"] = 6,["isBoss"] = false,} ,} 
23:11:33 - Function:[1]Scoby - CNC:ClientUpdate - Param: { [1] = { ["team"] = lobby,["playerName"] = Scoby,["coord"] = { ["z"] = 67.474494934082,["y"] = 153.53074645996,["x"] = -764.69396972656,} ,["player"] = 5,["isBoss"] = false,} ,[2] = { ["team"] = lobby,["playerName"] = Klingni,["coord"] = { ["z"] = 0,["y"] = 0,["x"] = 0,} ,["player"] = 6,["isBoss"] = false,} ,} 
23:11:33 - Function:[0]Klingni - playerSpawned - Param: { ["heading"] = 0,["skipFade"] = false,["z"] = 67.4746,["model"] = a_m_y_hipster_02,["y"] = 153.4494,["x"] = -764.7618,} 
23:16:24 - Function:getAllMaps - Param: nil
23:16:27 - Function:getAllMaps - Param: nil
23:16:30 - Function:getAllMaps - Param: nil
23:16:32 - Function:getAllMaps - Param: nil
23:16:33 - Function:getAllMaps - Param: nil
23:16:55 - Function:getAllMaps - Param: nil
23:16:57 - Function:getAllMaps - Param: nil
23:16:59 - Function:getAllMaps - Param: nil
23:17:02 - Function:getAllMaps - Param: nil
23:17:04 - Function:getAllMaps - Param: nil
23:17:06 - Function:getAllMaps - Param: nil
23:17:09 - Function:getAllMaps - Param: nil
23:17:11 - Function:getAllMaps - Param: nil
23:17:12 - Function:getAllMaps - Param: nil
23:17:13 - Function:getAllMaps - Param: nil
23:17:15 - Function:getAllMaps - Param: nil
23:22:27 - Function:getAllMaps - Param: nil
23:22:34 - Function:getAllMaps - Param: nil
23:22:35 - Function:getAllMaps - Param: nil
23:22:36 - Function:getAllMaps - Param: nil
23:22:41 - Function:getAllMaps - Param: nil
23:22:42 - Function:getAllMaps - Param: nil
23:22:45 - Function:getAllMaps - Param: nil
23:22:53 - Function:getAllMaps - Param: nil
23:22:56 - Function:getAllMaps - Param: nil
23:22:57 - Function:getAllMaps - Param: nil
23:22:59 - Function:getAllMaps - Param: nil
23:23:00 - Function:getAllMaps - Param: nil
23:23:01 - Function:getAllMaps - Param: nil
23:23:01 - Function:getAllMaps - Param: nil
23:23:01 - Function:getAllMaps - Param: nil
23:23:02 - Function:getAllMaps - Param: nil
23:23:03 - Function:getAllMaps - Param: nil
23:23:04 - Function:getAllMaps - Param: nil
23:23:05 - Function:getAllMaps - Param: nil
23:23:07 - Function:getAllMaps - Param: nil
23:23:09 - Function:getAllMaps - Param: nil
23:47:34 - Function:getAllMaps - Param: nil
23:47:39 - Function:getAllMaps - Param: nil
23:47:40 - Function:getAllMaps - Param: nil
23:49:16 - Function:baseevents:enteredVehicle-veh - Param: 1282
23:49:16 - Function:baseevents:enteredVehicle-netId - Param: 152
23:51:22 - Function:baseevents:enteredVehicle-veh - Param: 3586
23:51:22 - Function:baseevents:enteredVehicle-netId - Param: 195
23:51:37 - Function:baseevents:enteredVehicle-veh - Param: 1282
23:51:37 - Function:baseevents:enteredVehicle-netId - Param: 152
23:53:45 - Function:baseevents:enteredVehicle-veh - Param: 1282
23:53:45 - Function:baseevents:enteredVehicle-netId - Param: 152
23:56:43 - Function:baseevents:enteredVehicle-veh - Param: 1282
23:56:43 - Function:baseevents:enteredVehicle-netId - Param: 152
23:57:01 - Function:baseevents:enteredVehicle-veh - Param: 7170
23:57:01 - Function:baseevents:enteredVehicle-netId - Param: 409
23:58:47 - Function:baseevents:enteredVehicle-veh - Param: 8450
23:58:47 - Function:baseevents:enteredVehicle-netId - Param: 170
23:59:04 - Function:baseevents:enteredVehicle-veh - Param: 8706
23:59:04 - Function:baseevents:enteredVehicle-netId - Param: 500
